G:\DEVELOP\GITHUB\SCITER-OPENGL\SOURCE\LESSON_SCITER\LESSON01\DEBUG\LESSON1.OBJ
G:\DEVELOP\GITHUB\SCITER-OPENGL\SOURCE\LESSON_SCITER\LESSON01\DEBUG\VC110.PDB
G:\DEVELOP\GITHUB\SCITER-OPENGL\SOURCE\LESSON_SCITER\DEBUG\LESSON01.ILK
G:\DEVELOP\GITHUB\SCITER-OPENGL\SOURCE\LESSON_SCITER\DEBUG\LESSON01.EXE
G:\DEVELOP\GITHUB\SCITER-OPENGL\SOURCE\LESSON_SCITER\DEBUG\LESSON01.PDB
G:\develop\github\sciter-opengl\Source\Lesson_sciter\Lesson01\Debug\Lesson1.obj
G:\develop\github\sciter-opengl\Source\Lesson_sciter\Lesson01\Debug\cl.command.1.tlog
G:\develop\github\sciter-opengl\Source\Lesson_sciter\Lesson01\Debug\CL.read.1.tlog
G:\develop\github\sciter-opengl\Source\Lesson_sciter\Lesson01\Debug\CL.write.1.tlog
G:\develop\github\sciter-opengl\Source\Lesson_sciter\Lesson01\Debug\link-cvtres.read.1.tlog
G:\develop\github\sciter-opengl\Source\Lesson_sciter\Lesson01\Debug\link-cvtres.write.1.tlog
G:\develop\github\sciter-opengl\Source\Lesson_sciter\Lesson01\Debug\link-rc.read.1.tlog
G:\develop\github\sciter-opengl\Source\Lesson_sciter\Lesson01\Debug\link-rc.write.1.tlog
G:\develop\github\sciter-opengl\Source\Lesson_sciter\Lesson01\Debug\link.command.1.tlog
G:\develop\github\sciter-opengl\Source\Lesson_sciter\Lesson01\Debug\link.read.1.tlog
G:\develop\github\sciter-opengl\Source\Lesson_sciter\Lesson01\Debug\link.write.1.tlog
G:\develop\github\sciter-opengl\Source\Lesson_sciter\Lesson01\Debug\vc110.idb
G:\develop\github\sciter-opengl\Source\Lesson_sciter\Lesson01\Debug\vc110.pdb
G:\develop\github\sciter-opengl\Source\Lesson_sciter\Debug\Lesson01.pdb
G:\develop\github\sciter-opengl\Source\Lesson_sciter\Debug\Lesson01.exe
G:\develop\github\sciter-opengl\Source\Lesson_sciter\Debug\Lesson01.ilk
